2026-06-01 14:14:07 INFO trading_bot Submitting order request: {'symbol': 'BTCUSDT', 'side': 'SELL', 'type': 'LIMIT', 'quantity': '0.001', 'price': '999999', 'timeInForce': 'GTC'}
2026-06-01 14:14:07 ERROR trading_bot Binance API error 400: {"code":-4002,"msg":"Price greater than max price."}
2026-06-01 14:14:07 ERROR trading_bot Order placement failed: Binance returned HTTP 400: Price greater than max price.
2026-06-01 14:16:57 INFO trading_bot Submitting order request: {'symbol': 'BTCUSDT', 'side': 'SELL', 'type': 'LIMIT', 'quantity': '0.001', 'price': '999999', 'timeInForce': 'GTC'}
2026-06-01 14:16:58 INFO trading_bot Binance API error 400: {"code":-4002,"msg":"Price greater than max price."}
2026-06-01 14:16:58 INFO trading_bot Order placement failed: Binance returned HTTP 400: Price greater than max price.
2026-06-01 14:17:07 INFO trading_bot Submitting order request: {'symbol': 'BTCUSDT', 'side': 'SELL', 'type': 'LIMIT', 'quantity': '0.001', 'price': '999999', 'timeInForce': 'GTC'}
2026-06-01 14:17:07 INFO trading_bot Binance API error 400: {"code":-4002,"msg":"Price greater than max price."}
2026-06-01 14:17:07 INFO trading_bot Order placement failed: Binance returned HTTP 400: Price greater than max price.
2026-06-01 14:17:17 INFO trading_bot Submitting order request: {'symbol': 'BTCUSDT', 'side': 'BUY', 'type': 'MARKET', 'quantity': '0.0001'}
2026-06-01 14:17:17 INFO trading_bot Binance API error 400: {"code":-4164,"msg":"Order's notional must be no smaller than 50 (unless you choose reduce only)."}
2026-06-01 14:17:17 INFO trading_bot Order placement failed: Binance returned HTTP 400: Order's notional must be no smaller than 50 (unless you choose reduce only).
2026-06-01 14:17:21 ERROR trading_bot Validation failed: quantity must be a valid decimal number.
2026-06-01 14:17:36 ERROR trading_bot Validation failed: quantity must be greater than zero.
2026-06-01 14:17:41 ERROR trading_bot Validation failed: side must be BUY or SELL.
2026-06-01 14:18:44 INFO trading_bot Submitting order request: {'symbol': 'BTCUSDT', 'side': 'BUY', 'type': 'MARKET', 'quantity': '0.01'}
2026-06-01 14:18:44 INFO trading_bot Order response received: {'orderId': 13678935032, 'symbol': 'BTCUSDT', 'status': 'NEW', 'clientOrderId': 'oWeMHlkOX8C65d3PyeFPFA', 'price': '0.00', 'avgPrice': '0.00', 'origQty': '0.0100', 'executedQty': '0.0000', 'cumQty': '0.0000', 'cumQuote': '0.000000', 'timeInForce': 'GTC', 'type': 'MARKET', 'reduceOnly': False, 'closePosition': False, 'side': 'BUY', 'positionSide': 'BOTH', 'stopPrice': '0.00', 'workingType': 'CONTRACT_PRICE', 'priceProtect': False, 'origType': 'MARKET', 'priceMatch': 'NONE', 'selfTradePreventionMode': 'EXPIRE_MAKER', 'goodTillDate': 0, 'updateTime': 1780303724637}
2026-06-01 14:19:14 INFO trading_bot Submitting order request: {'symbol': 'BTCUSDT', 'side': 'SELL', 'type': 'MARKET', 'quantity': '0.01'}
2026-06-01 14:19:15 INFO trading_bot Order response received: {'orderId': 13678960946, 'symbol': 'BTCUSDT', 'status': 'NEW', 'clientOrderId': 'Dl4UQoNmBmcVzQSmzf1ew5', 'price': '0.00', 'avgPrice': '0.00', 'origQty': '0.0100', 'executedQty': '0.0000', 'cumQty': '0.0000', 'cumQuote': '0.000000', 'timeInForce': 'GTC', 'type': 'MARKET', 'reduceOnly': False, 'closePosition': False, 'side': 'SELL', 'positionSide': 'BOTH', 'stopPrice': '0.00', 'workingType': 'CONTRACT_PRICE', 'priceProtect': False, 'origType': 'MARKET', 'priceMatch': 'NONE', 'selfTradePreventionMode': 'EXPIRE_MAKER', 'goodTillDate': 0, 'updateTime': 1780303755133}
2026-06-01 14:25:29 INFO trading_bot Submitting order request: {'symbol': 'BTCUSDT', 'side': 'SELL', 'type': 'MARKET', 'quantity': '0.01'}
2026-06-01 14:25:29 INFO trading_bot Order response received: {'orderId': 13679402546, 'symbol': 'BTCUSDT', 'status': 'NEW', 'clientOrderId': 'hxmDxNxInVXc9dNjlO6eLu', 'price': '0.00', 'avgPrice': '0.00', 'origQty': '0.0100', 'executedQty': '0.0000', 'cumQty': '0.0000', 'cumQuote': '0.000000', 'timeInForce': 'GTC', 'type': 'MARKET', 'reduceOnly': False, 'closePosition': False, 'side': 'SELL', 'positionSide': 'BOTH', 'stopPrice': '0.00', 'workingType': 'CONTRACT_PRICE', 'priceProtect': False, 'origType': 'MARKET', 'priceMatch': 'NONE', 'selfTradePreventionMode': 'EXPIRE_MAKER', 'goodTillDate': 0, 'updateTime': 1780304129598}
2026-06-01 14:30:26 INFO trading_bot Submitting order request: {'symbol': 'BTCUSDT', 'side': 'BUY', 'type': 'MARKET', 'quantity': '0.01', 'newOrderRespType': 'RESULT'}
2026-06-01 14:30:26 INFO trading_bot Order response received: {'orderId': 13679772676, 'symbol': 'BTCUSDT', 'status': 'FILLED', 'clientOrderId': '2DEHusqi7eG3jW4S1p0VwP', 'price': '0.00', 'avgPrice': '72837.100000', 'origQty': '0.0100', 'executedQty': '0.0100', 'cumQty': '0.0100', 'cumQuote': '728.371000', 'timeInForce': 'GTC', 'type': 'MARKET', 'reduceOnly': False, 'closePosition': False, 'side': 'BUY', 'positionSide': 'BOTH', 'stopPrice': '0.00', 'workingType': 'CONTRACT_PRICE', 'priceProtect': False, 'origType': 'MARKET', 'priceMatch': 'NONE', 'selfTradePreventionMode': 'EXPIRE_MAKER', 'goodTillDate': 0, 'updateTime': 1780304426873}
2026-06-01 14:30:57 INFO trading_bot Submitting order request: {'symbol': 'BTCUSDT', 'side': 'BUY', 'type': 'MARKET', 'quantity': '0.01', 'newOrderRespType': 'RESULT'}
2026-06-01 14:30:57 INFO trading_bot Order response received: {'orderId': 13679807168, 'symbol': 'BTCUSDT', 'status': 'FILLED', 'clientOrderId': 'c7jpa9tEZvCiX5hfET8NJY', 'price': '0.00', 'avgPrice': '72837.200000', 'origQty': '0.0100', 'executedQty': '0.0100', 'cumQty': '0.0100', 'cumQuote': '728.372000', 'timeInForce': 'GTC', 'type': 'MARKET', 'reduceOnly': False, 'closePosition': False, 'side': 'BUY', 'positionSide': 'BOTH', 'stopPrice': '0.00', 'workingType': 'CONTRACT_PRICE', 'priceProtect': False, 'origType': 'MARKET', 'priceMatch': 'NONE', 'selfTradePreventionMode': 'EXPIRE_MAKER', 'goodTillDate': 0, 'updateTime': 1780304457650}
2026-06-01 14:31:02 INFO trading_bot Submitting order request: {'symbol': 'BTCUSDT', 'side': 'BUY', 'type': 'MARKET', 'quantity': '0.05', 'newOrderRespType': 'RESULT'}
2026-06-01 14:31:02 INFO trading_bot Order response received: {'orderId': 13679814837, 'symbol': 'BTCUSDT', 'status': 'FILLED', 'clientOrderId': 'PXcfVlgQH8LLzwLVrbj6zI', 'price': '0.00', 'avgPrice': '72837.200000', 'origQty': '0.0500', 'executedQty': '0.0500', 'cumQty': '0.0500', 'cumQuote': '3641.860000', 'timeInForce': 'GTC', 'type': 'MARKET', 'reduceOnly': False, 'closePosition': False, 'side': 'BUY', 'positionSide': 'BOTH', 'stopPrice': '0.00', 'workingType': 'CONTRACT_PRICE', 'priceProtect': False, 'origType': 'MARKET', 'priceMatch': 'NONE', 'selfTradePreventionMode': 'EXPIRE_MAKER', 'goodTillDate': 0, 'updateTime': 1780304463044}
2026-06-01 14:31:32 ERROR trading_bot Validation failed: quantity must be greater than zero.
2026-06-01 14:31:35 ERROR trading_bot Validation failed: price is required for LIMIT orders.
2026-06-01 14:31:48 ERROR trading_bot Validation failed: price is required for LIMIT orders.
2026-06-01 14:31:54 INFO trading_bot Submitting order request: {'symbol': 'BTCUSDT', 'side': 'SELL', 'type': 'MARKET', 'quantity': '0.01', 'newOrderRespType': 'RESULT'}
2026-06-01 14:31:54 INFO trading_bot Order response received: {'orderId': 13679883599, 'symbol': 'BTCUSDT', 'status': 'FILLED', 'clientOrderId': 'FX6vVIRUB8Gr8hk4u8Alud', 'price': '0.00', 'avgPrice': '72812.800000', 'origQty': '0.0100', 'executedQty': '0.0100', 'cumQty': '0.0100', 'cumQuote': '728.128000', 'timeInForce': 'GTC', 'type': 'MARKET', 'reduceOnly': False, 'closePosition': False, 'side': 'SELL', 'positionSide': 'BOTH', 'stopPrice': '0.00', 'workingType': 'CONTRACT_PRICE', 'priceProtect': False, 'origType': 'MARKET', 'priceMatch': 'NONE', 'selfTradePreventionMode': 'EXPIRE_MAKER', 'goodTillDate': 0, 'updateTime': 1780304514567}
2026-06-01 14:38:29 INFO trading_bot Submitting order request: {'symbol': 'BTCUSDT', 'side': 'SELL', 'type': 'MARKET', 'quantity': '0.01', 'newOrderRespType': 'RESULT'}
2026-06-01 14:38:29 INFO trading_bot Order response received: {'orderId': 13680384482, 'symbol': 'BTCUSDT', 'status': 'FILLED', 'clientOrderId': 'ybuDEOVYwQKiocz9WzVRHP', 'price': '0.00', 'avgPrice': '72956.200000', 'origQty': '0.0100', 'executedQty': '0.0100', 'cumQty': '0.0100', 'cumQuote': '729.562000', 'timeInForce': 'GTC', 'type': 'MARKET', 'reduceOnly': False, 'closePosition': False, 'side': 'SELL', 'positionSide': 'BOTH', 'stopPrice': '0.00', 'workingType': 'CONTRACT_PRICE', 'priceProtect': False, 'origType': 'MARKET', 'priceMatch': 'NONE', 'selfTradePreventionMode': 'EXPIRE_MAKER', 'goodTillDate': 0, 'updateTime': 1780304909825}
